{"F:\\JoeLi\\bunk-dev-test\\expense-tracker-api\\dist\\server.js": {"path":"F:\\JoeLi\\bunk-dev-test\\expense-tracker-api\\dist\\server.js","statementMap":{"0":{"start":{"line":2,"column":22},"end":{"line":4,"column":1}},"1":{"start":{"line":3,"column":4},"end":{"line":3,"column":62}},"2":{"start":{"line":5,"column":0},"end":{"line":5,"column":62}},"3":{"start":{"line":6,"column":0},"end":{"line":6,"column":21}},"4":{"start":{"line":7,"column":18},"end":{"line":7,"column":53}},"5":{"start":{"line":8,"column":15},"end":{"line":8,"column":47}},"6":{"start":{"line":9,"column":17},"end":{"line":9,"column":51}},"7":{"start":{"line":10,"column":22},"end":{"line":10,"column":61}},"8":{"start":{"line":11,"column":0},"end":{"line":11,"column":39}},"9":{"start":{"line":12,"column":0},"end":{"line":12,"column":39}},"10":{"start":{"line":13,"column":0},"end":{"line":13,"column":47}},"11":{"start":{"line":14,"column":0},"end":{"line":14,"column":46}},"12":{"start":{"line":15,"column":0},"end":{"line":47,"column":3}},"13":{"start":{"line":16,"column":25},"end":{"line":16,"column":33}},"14":{"start":{"line":17,"column":18},"end":{"line":17,"column":76}},"15":{"start":{"line":17,"column":52},"end":{"line":17,"column":72}},"16":{"start":{"line":18,"column":19},"end":{"line":18,"column":21}},"17":{"start":{"line":19,"column":4},"end":{"line":26,"column":7}},"18":{"start":{"line":20,"column":8},"end":{"line":25,"column":9}},"19":{"start":{"line":21,"column":12},"end":{"line":21,"column":53}},"20":{"start":{"line":24,"column":12},"end":{"line":24,"column":52}},"21":{"start":{"line":27,"column":23},"end":{"line":27,"column":59}},"22":{"start":{"line":28,"column":4},"end":{"line":30,"column":7}},"23":{"start":{"line":29,"column":8},"end":{"line":29,"column":51}},"24":{"start":{"line":31,"column":20},"end":{"line":31,"column":22}},"25":{"start":{"line":32,"column":4},"end":{"line":44,"column":5}},"26":{"start":{"line":33,"column":8},"end":{"line":43,"column":9}},"27":{"start":{"line":34,"column":12},"end":{"line":42,"column":13}},"28":{"start":{"line":35,"column":16},"end":{"line":41,"column":17}},"29":{"start":{"line":36,"column":41},"end":{"line":36,"column":70}},"30":{"start":{"line":37,"column":20},"end":{"line":37,"column":71}},"31":{"start":{"line":38,"column":20},"end":{"line":38,"column":43}},"32":{"start":{"line":39,"column":20},"end":{"line":39,"column":51}},"33":{"start":{"line":40,"column":20},"end":{"line":40,"column":51}},"34":{"start":{"line":45,"column":21},"end":{"line":45,"column":51}},"35":{"start":{"line":46,"column":4},"end":{"line":46,"column":23}},"36":{"start":{"line":48,"column":13},"end":{"line":48,"column":17}},"37":{"start":{"line":49,"column":0},"end":{"line":51,"column":3}},"38":{"start":{"line":50,"column":4},"end":{"line":50,"column":62}}},"fnMap":{"0":{"name":"(anonymous_0)","decl":{"start":{"line":2,"column":56},"end":{"line":2,"column":57}},"loc":{"start":{"line":2,"column":71},"end":{"line":4,"column":1}},"line":2},"1":{"name":"(anonymous_1)","decl":{"start":{"line":15,"column":29},"end":{"line":15,"column":30}},"loc":{"start":{"line":15,"column":43},"end":{"line":47,"column":1}},"line":15},"2":{"name":"(anonymous_2)","decl":{"start":{"line":17,"column":34},"end":{"line":17,"column":35}},"loc":{"start":{"line":17,"column":52},"end":{"line":17,"column":72}},"line":17},"3":{"name":"(anonymous_3)","decl":{"start":{"line":19,"column":21},"end":{"line":19,"column":22}},"loc":{"start":{"line":19,"column":32},"end":{"line":26,"column":5}},"line":19},"4":{"name":"(anonymous_4)","decl":{"start":{"line":28,"column":34},"end":{"line":28,"column":35}},"loc":{"start":{"line":28,"column":41},"end":{"line":30,"column":5}},"line":28},"5":{"name":"(anonymous_5)","decl":{"start":{"line":49,"column":25},"end":{"line":49,"column":26}},"loc":{"start":{"line":49,"column":31},"end":{"line":51,"column":1}},"line":49}},"branchMap":{"0":{"loc":{"start":{"line":2,"column":22},"end":{"line":4,"column":1}},"type":"binary-expr","locations":[{"start":{"line":2,"column":23},"end":{"line":2,"column":27}},{"start":{"line":2,"column":31},"end":{"line":2,"column":51}},{"start":{"line":2,"column":56},"end":{"line":4,"column":1}}],"line":2},"1":{"loc":{"start":{"line":3,"column":11},"end":{"line":3,"column":61}},"type":"cond-expr","locations":[{"start":{"line":3,"column":37},"end":{"line":3,"column":40}},{"start":{"line":3,"column":43},"end":{"line":3,"column":61}}],"line":3},"2":{"loc":{"start":{"line":3,"column":12},"end":{"line":3,"column":33}},"type":"binary-expr","locations":[{"start":{"line":3,"column":12},"end":{"line":3,"column":15}},{"start":{"line":3,"column":19},"end":{"line":3,"column":33}}],"line":3},"3":{"loc":{"start":{"line":20,"column":8},"end":{"line":25,"column":9}},"type":"if","locations":[{"start":{"line":20,"column":8},"end":{"line":25,"column":9}},{"start":{"line":23,"column":13},"end":{"line":25,"column":9}}],"line":20},"4":{"loc":{"start":{"line":33,"column":8},"end":{"line":43,"column":9}},"type":"if","locations":[{"start":{"line":33,"column":8},"end":{"line":43,"column":9}},{"start":{},"end":{}}],"line":33},"5":{"loc":{"start":{"line":35,"column":16},"end":{"line":41,"column":17}},"type":"if","locations":[{"start":{"line":35,"column":16},"end":{"line":41,"column":17}},{"start":{},"end":{}}],"line":35},"6":{"loc":{"start":{"line":35,"column":20},"end":{"line":35,"column":48}},"type":"binary-expr","locations":[{"start":{"line":35,"column":20},"end":{"line":35,"column":34}},{"start":{"line":35,"column":38},"end":{"line":35,"column":48}}],"line":35}},"s":{"0":1,"1":4,"2":1,"3":1,"4":1,"5":1,"6":1,"7":1,"8":1,"9":1,"10":1,"11":1,"12":1,"13":1,"14":1,"15":3,"16":1,"17":1,"18":3,"19":1,"20":2,"21":1,"22":1,"23":2,"24":1,"25":1,"26":2,"27":1,"28":2,"29":1,"30":1,"31":1,"32":1,"33":1,"34":1,"35":1,"36":1,"37":1,"38":1},"f":{"0":4,"1":1,"2":3,"3":3,"4":2,"5":1},"b":{"0":[1,1,1],"1":[0,4],"2":[4,4],"3":[1,2],"4":[1,1],"5":[1,1],"6":[2,1]},"inputSourceMap":null,"_coverageSchema":"1a1c01bbd47fc00a2c39e90264f33305004495a9","hash":"bed6feb0c615509bf3878e415b450a597de2f95b"}
,"F:\\JoeLi\\bunk-dev-test\\expense-tracker-api\\src\\server.ts": {"path":"F:\\JoeLi\\bunk-dev-test\\expense-tracker-api\\src\\server.ts","statementMap":{"0":{"start":{"line":1,"column":0},"end":{"line":1,"column":30}},"1":{"start":{"line":2,"column":0},"end":{"line":2,"column":24}},"2":{"start":{"line":3,"column":0},"end":{"line":3,"column":28}},"3":{"start":{"line":4,"column":0},"end":{"line":4,"column":37}},"4":{"start":{"line":27,"column":13},"end":{"line":27,"column":29}},"5":{"start":{"line":29,"column":0},"end":{"line":29,"column":16}},"6":{"start":{"line":30,"column":0},"end":{"line":30,"column":24}},"7":{"start":{"line":31,"column":0},"end":{"line":31,"column":27}},"8":{"start":{"line":33,"column":0},"end":{"line":70,"column":3}},"9":{"start":{"line":34,"column":50},"end":{"line":34,"column":58}},"10":{"start":{"line":36,"column":18},"end":{"line":36,"column":76}},"11":{"start":{"line":36,"column":52},"end":{"line":36,"column":72}},"12":{"start":{"line":38,"column":43},"end":{"line":38,"column":45}},"13":{"start":{"line":40,"column":4},"end":{"line":46,"column":7}},"14":{"start":{"line":41,"column":8},"end":{"line":45,"column":null}},"15":{"start":{"line":42,"column":12},"end":{"line":42,"column":53}},"16":{"start":{"line":44,"column":12},"end":{"line":44,"column":52}},"17":{"start":{"line":48,"column":23},"end":{"line":48,"column":59}},"18":{"start":{"line":49,"column":4},"end":{"line":51,"column":7}},"19":{"start":{"line":50,"column":8},"end":{"line":50,"column":51}},"20":{"start":{"line":53,"column":30},"end":{"line":53,"column":32}},"21":{"start":{"line":54,"column":4},"end":{"line":66,"column":null}},"22":{"start":{"line":55,"column":8},"end":{"line":65,"column":null}},"23":{"start":{"line":56,"column":12},"end":{"line":64,"column":null}},"24":{"start":{"line":57,"column":16},"end":{"line":63,"column":null}},"25":{"start":{"line":58,"column":41},"end":{"line":58,"column":70}},"26":{"start":{"line":59,"column":20},"end":{"line":59,"column":71}},"27":{"start":{"line":60,"column":20},"end":{"line":60,"column":43}},"28":{"start":{"line":61,"column":20},"end":{"line":61,"column":51}},"29":{"start":{"line":62,"column":20},"end":{"line":62,"column":51}},"30":{"start":{"line":68,"column":47},"end":{"line":68,"column":77}},"31":{"start":{"line":69,"column":4},"end":{"line":69,"column":23}},"32":{"start":{"line":72,"column":13},"end":{"line":72,"column":17}},"33":{"start":{"line":73,"column":0},"end":{"line":75,"column":3}},"34":{"start":{"line":74,"column":4},"end":{"line":74,"column":62}}},"fnMap":{"0":{"name":"(anonymous_1)","decl":{"start":{"line":33,"column":21},"end":{"line":33,"column":22}},"loc":{"start":{"line":33,"column":34},"end":{"line":70,"column":1}}},"1":{"name":"(anonymous_2)","decl":{"start":{"line":36,"column":34},"end":{"line":36,"column":35}},"loc":{"start":{"line":36,"column":52},"end":{"line":36,"column":72}}},"2":{"name":"(anonymous_3)","decl":{"start":{"line":40,"column":21},"end":{"line":40,"column":28}},"loc":{"start":{"line":40,"column":31},"end":{"line":46,"column":5}}},"3":{"name":"(anonymous_4)","decl":{"start":{"line":49,"column":34},"end":{"line":49,"column":37}},"loc":{"start":{"line":49,"column":40},"end":{"line":51,"column":5}}},"4":{"name":"(anonymous_5)","decl":{"start":{"line":73,"column":17},"end":{"line":73,"column":20}},"loc":{"start":{"line":73,"column":22},"end":{"line":75,"column":1}}}},"branchMap":{"0":{"loc":{"start":{"line":41,"column":8},"end":{"line":45,"column":null}},"type":"if","locations":[{"start":{"line":41,"column":8},"end":{"line":45,"column":null}},{"start":{"line":43,"column":15},"end":{"line":45,"column":null}}]},"1":{"loc":{"start":{"line":55,"column":8},"end":{"line":65,"column":null}},"type":"if","locations":[{"start":{"line":55,"column":8},"end":{"line":65,"column":null}}]},"2":{"loc":{"start":{"line":57,"column":16},"end":{"line":63,"column":null}},"type":"if","locations":[{"start":{"line":57,"column":16},"end":{"line":63,"column":null}}]},"3":{"loc":{"start":{"line":57,"column":20},"end":{"line":57,"column":48}},"type":"binary-expr","locations":[{"start":{"line":57,"column":20},"end":{"line":57,"column":34}},{"start":{"line":57,"column":38},"end":{"line":57,"column":48}}]}},"s":{"0":1,"1":1,"2":1,"3":1,"4":1,"5":1,"6":1,"7":1,"8":1,"9":1,"10":1,"11":3,"12":1,"13":1,"14":3,"15":1,"16":2,"17":1,"18":1,"19":2,"20":1,"21":1,"22":2,"23":1,"24":2,"25":1,"26":1,"27":1,"28":1,"29":1,"30":1,"31":1,"32":1,"33":1,"34":0},"f":{"0":1,"1":3,"2":3,"3":2,"4":0},"b":{"0":[1,2],"1":[1],"2":[1],"3":[2,1]}}
}
